INFO - 2024-01-20 04:57:11 --> Session: Class initialized using 'CodeIgniter\Session\Handlers\FileHandler' driver.
WARNING - 2024-01-20 04:57:11 --> [DEPRECATED] Creation of dynamic property App\Controllers\SuperAdmin::$SuperAdmin_model is deprecated in APPPATH\Controllers\SuperAdmin.php on line 14.
 1 SYSTEMPATH\CodeIgniter.php(914): App\Controllers\SuperAdmin->__construct()
 2 SYSTEMPATH\CodeIgniter.php(493): CodeIgniter\CodeIgniter->createController()
 3 SYSTEMPATH\CodeIgniter.php(361): CodeIgniter\CodeIgniter->handleRequest(null, Object(Config\Cache), false)
 4 FCPATH\index.php(79): CodeIgniter\CodeIgniter->run()
INFO - 2024-01-20 04:57:12 --> Session: Class initialized using 'CodeIgniter\Session\Handlers\FileHandler' driver.
WARNING - 2024-01-20 04:57:12 --> [DEPRECATED] Creation of dynamic property App\Controllers\SuperAdmin::$SuperAdmin_model is deprecated in APPPATH\Controllers\SuperAdmin.php on line 14.
 1 SYSTEMPATH\CodeIgniter.php(914): App\Controllers\SuperAdmin->__construct()
 2 SYSTEMPATH\CodeIgniter.php(493): CodeIgniter\CodeIgniter->createController()
 3 SYSTEMPATH\CodeIgniter.php(361): CodeIgniter\CodeIgniter->handleRequest(null, Object(Config\Cache), false)
 4 FCPATH\index.php(79): CodeIgniter\CodeIgniter->run()
CRITICAL - 2024-01-20 04:57:12 --> Undefined array key "username"
in APPPATH\Views\templates\header.php on line 36.
 1 APPPATH\Views\templates\header.php(36): CodeIgniter\Debug\Exceptions->errorHandler(2, 'Undefined array key "username"', 'C:\\xampp\\htdocs\\fun_game_2024\\app\\Views\\templates\\header.php', 36)
 2 SYSTEMPATH\View\View.php(228): include('C:\\xampp\\htdocs\\fun_game_2024\\app\\Views\\templates\\header.php')
 3 SYSTEMPATH\View\View.php(231): CodeIgniter\View\View->CodeIgniter\View\{closure}()
 4 SYSTEMPATH\Common.php(1190): CodeIgniter\View\View->render('templates/header', [], true)
 5 APPPATH\Controllers\SuperAdmin.php(78): view('templates/header', [...])
 6 SYSTEMPATH\CodeIgniter.php(942): App\Controllers\SuperAdmin->dashboard()
 7 SYSTEMPATH\CodeIgniter.php(502): CodeIgniter\CodeIgniter->runController(Object(App\Controllers\SuperAdmin))
 8 SYSTEMPATH\CodeIgniter.php(361): CodeIgniter\CodeIgniter->handleRequest(null, Object(Config\Cache), false)
 9 FCPATH\index.php(79): CodeIgniter\CodeIgniter->run()
INFO - 2024-01-20 04:57:28 --> Session: Class initialized using 'CodeIgniter\Session\Handlers\FileHandler' driver.
WARNING - 2024-01-20 04:57:28 --> [DEPRECATED] Creation of dynamic property App\Controllers\SuperAdmin::$SuperAdmin_model is deprecated in APPPATH\Controllers\SuperAdmin.php on line 14.
 1 SYSTEMPATH\CodeIgniter.php(914): App\Controllers\SuperAdmin->__construct()
 2 SYSTEMPATH\CodeIgniter.php(493): CodeIgniter\CodeIgniter->createController()
 3 SYSTEMPATH\CodeIgniter.php(361): CodeIgniter\CodeIgniter->handleRequest(null, Object(Config\Cache), false)
 4 FCPATH\index.php(79): CodeIgniter\CodeIgniter->run()
CRITICAL - 2024-01-20 04:57:28 --> Undefined array key "username"
in APPPATH\Views\templates\header.php on line 36.
 1 APPPATH\Views\templates\header.php(36): CodeIgniter\Debug\Exceptions->errorHandler(2, 'Undefined array key "username"', 'C:\\xampp\\htdocs\\fun_game_2024\\app\\Views\\templates\\header.php', 36)
 2 SYSTEMPATH\View\View.php(228): include('C:\\xampp\\htdocs\\fun_game_2024\\app\\Views\\templates\\header.php')
 3 SYSTEMPATH\View\View.php(231): CodeIgniter\View\View->CodeIgniter\View\{closure}()
 4 SYSTEMPATH\Common.php(1190): CodeIgniter\View\View->render('templates/header', [], true)
 5 APPPATH\Controllers\SuperAdmin.php(78): view('templates/header', [...])
 6 SYSTEMPATH\CodeIgniter.php(942): App\Controllers\SuperAdmin->dashboard()
 7 SYSTEMPATH\CodeIgniter.php(502): CodeIgniter\CodeIgniter->runController(Object(App\Controllers\SuperAdmin))
 8 SYSTEMPATH\CodeIgniter.php(361): CodeIgniter\CodeIgniter->handleRequest(null, Object(Config\Cache), false)
 9 FCPATH\index.php(79): CodeIgniter\CodeIgniter->run()
INFO - 2024-01-20 07:12:39 --> Session: Class initialized using 'CodeIgniter\Session\Handlers\FileHandler' driver.
WARNING - 2024-01-20 07:12:39 --> [DEPRECATED] Creation of dynamic property App\Controllers\SuperAdmin::$SuperAdmin_model is deprecated in APPPATH\Controllers\SuperAdmin.php on line 14.
 1 SYSTEMPATH\CodeIgniter.php(914): App\Controllers\SuperAdmin->__construct()
 2 SYSTEMPATH\CodeIgniter.php(493): CodeIgniter\CodeIgniter->createController()
 3 SYSTEMPATH\CodeIgniter.php(361): CodeIgniter\CodeIgniter->handleRequest(null, Object(Config\Cache), false)
 4 FCPATH\index.php(79): CodeIgniter\CodeIgniter->run()
INFO - 2024-01-20 09:09:00 --> Session: Class initialized using 'CodeIgniter\Session\Handlers\FileHandler' driver.
WARNING - 2024-01-20 09:09:00 --> [DEPRECATED] Creation of dynamic property App\Controllers\SuperAdmin::$SuperAdmin_model is deprecated in APPPATH\Controllers\SuperAdmin.php on line 14.
 1 SYSTEMPATH\CodeIgniter.php(914): App\Controllers\SuperAdmin->__construct()
 2 SYSTEMPATH\CodeIgniter.php(493): CodeIgniter\CodeIgniter->createController()
 3 SYSTEMPATH\CodeIgniter.php(361): CodeIgniter\CodeIgniter->handleRequest(null, Object(Config\Cache), false)
 4 FCPATH\index.php(79): CodeIgniter\CodeIgniter->run()
INFO - 2024-01-20 09:09:09 --> Session: Class initialized using 'CodeIgniter\Session\Handlers\FileHandler' driver.
WARNING - 2024-01-20 09:09:09 --> [DEPRECATED] Creation of dynamic property App\Controllers\SuperAdmin::$SuperAdmin_model is deprecated in APPPATH\Controllers\SuperAdmin.php on line 14.
 1 SYSTEMPATH\CodeIgniter.php(914): App\Controllers\SuperAdmin->__construct()
 2 SYSTEMPATH\CodeIgniter.php(493): CodeIgniter\CodeIgniter->createController()
 3 SYSTEMPATH\CodeIgniter.php(361): CodeIgniter\CodeIgniter->handleRequest(null, Object(Config\Cache), false)
 4 FCPATH\index.php(79): CodeIgniter\CodeIgniter->run()
INFO - 2024-01-20 09:09:09 --> Session: Class initialized using 'CodeIgniter\Session\Handlers\FileHandler' driver.
WARNING - 2024-01-20 09:09:09 --> [DEPRECATED] Creation of dynamic property App\Controllers\SuperAdmin::$SuperAdmin_model is deprecated in APPPATH\Controllers\SuperAdmin.php on line 14.
 1 SYSTEMPATH\CodeIgniter.php(914): App\Controllers\SuperAdmin->__construct()
 2 SYSTEMPATH\CodeIgniter.php(493): CodeIgniter\CodeIgniter->createController()
 3 SYSTEMPATH\CodeIgniter.php(361): CodeIgniter\CodeIgniter->handleRequest(null, Object(Config\Cache), false)
 4 FCPATH\index.php(79): CodeIgniter\CodeIgniter->run()
CRITICAL - 2024-01-20 09:09:09 --> Undefined variable $Role
in APPPATH\Views\templates\sidebar.php on line 60.
 1 APPPATH\Views\templates\sidebar.php(60): CodeIgniter\Debug\Exceptions->errorHandler(2, 'Undefined variable $Role', 'C:\\xampp\\htdocs\\fun_game_2024\\app\\Views\\templates\\sidebar.php', 60)
 2 SYSTEMPATH\View\View.php(228): include('C:\\xampp\\htdocs\\fun_game_2024\\app\\Views\\templates\\sidebar.php')
 3 SYSTEMPATH\View\View.php(231): CodeIgniter\View\View->CodeIgniter\View\{closure}()
 4 SYSTEMPATH\Common.php(1190): CodeIgniter\View\View->render('templates/sidebar', [], true)
 5 APPPATH\Controllers\SuperAdmin.php(79): view('templates/sidebar', [...])
 6 SYSTEMPATH\CodeIgniter.php(942): App\Controllers\SuperAdmin->dashboard()
 7 SYSTEMPATH\CodeIgniter.php(502): CodeIgniter\CodeIgniter->runController(Object(App\Controllers\SuperAdmin))
 8 SYSTEMPATH\CodeIgniter.php(361): CodeIgniter\CodeIgniter->handleRequest(null, Object(Config\Cache), false)
 9 FCPATH\index.php(79): CodeIgniter\CodeIgniter->run()
INFO - 2024-01-20 09:09:56 --> Session: Class initialized using 'CodeIgniter\Session\Handlers\FileHandler' driver.
WARNING - 2024-01-20 09:09:56 --> [DEPRECATED] Creation of dynamic property App\Controllers\SuperAdmin::$SuperAdmin_model is deprecated in APPPATH\Controllers\SuperAdmin.php on line 14.
 1 SYSTEMPATH\CodeIgniter.php(914): App\Controllers\SuperAdmin->__construct()
 2 SYSTEMPATH\CodeIgniter.php(493): CodeIgniter\CodeIgniter->createController()
 3 SYSTEMPATH\CodeIgniter.php(361): CodeIgniter\CodeIgniter->handleRequest(null, Object(Config\Cache), false)
 4 FCPATH\index.php(79): CodeIgniter\CodeIgniter->run()
CRITICAL - 2024-01-20 09:09:56 --> Undefined variable $role
in APPPATH\Views\templates\sidebar.php on line 60.
 1 APPPATH\Views\templates\sidebar.php(60): CodeIgniter\Debug\Exceptions->errorHandler(2, 'Undefined variable $role', 'C:\\xampp\\htdocs\\fun_game_2024\\app\\Views\\templates\\sidebar.php', 60)
 2 SYSTEMPATH\View\View.php(228): include('C:\\xampp\\htdocs\\fun_game_2024\\app\\Views\\templates\\sidebar.php')
 3 SYSTEMPATH\View\View.php(231): CodeIgniter\View\View->CodeIgniter\View\{closure}()
 4 SYSTEMPATH\Common.php(1190): CodeIgniter\View\View->render('templates/sidebar', [], true)
 5 APPPATH\Controllers\SuperAdmin.php(79): view('templates/sidebar', [...])
 6 SYSTEMPATH\CodeIgniter.php(942): App\Controllers\SuperAdmin->dashboard()
 7 SYSTEMPATH\CodeIgniter.php(502): CodeIgniter\CodeIgniter->runController(Object(App\Controllers\SuperAdmin))
 8 SYSTEMPATH\CodeIgniter.php(361): CodeIgniter\CodeIgniter->handleRequest(null, Object(Config\Cache), false)
 9 FCPATH\index.php(79): CodeIgniter\CodeIgniter->run()
INFO - 2024-01-20 09:10:01 --> Session: Class initialized using 'CodeIgniter\Session\Handlers\FileHandler' driver.
WARNING - 2024-01-20 09:10:01 --> [DEPRECATED] Creation of dynamic property App\Controllers\SuperAdmin::$SuperAdmin_model is deprecated in APPPATH\Controllers\SuperAdmin.php on line 14.
 1 SYSTEMPATH\CodeIgniter.php(914): App\Controllers\SuperAdmin->__construct()
 2 SYSTEMPATH\CodeIgniter.php(493): CodeIgniter\CodeIgniter->createController()
 3 SYSTEMPATH\CodeIgniter.php(361): CodeIgniter\CodeIgniter->handleRequest(null, Object(Config\Cache), false)
 4 FCPATH\index.php(79): CodeIgniter\CodeIgniter->run()
CRITICAL - 2024-01-20 09:10:01 --> syntax error, unexpected token "endif", expecting end of file
in APPPATH\Views\templates\sidebar.php on line 72.
 1 SYSTEMPATH\View\View.php(231): CodeIgniter\View\View->CodeIgniter\View\{closure}()
 2 SYSTEMPATH\Common.php(1190): CodeIgniter\View\View->render('templates/sidebar', [], true)
 3 APPPATH\Controllers\SuperAdmin.php(79): view('templates/sidebar', [...])
 4 SYSTEMPATH\CodeIgniter.php(942): App\Controllers\SuperAdmin->dashboard()
 5 SYSTEMPATH\CodeIgniter.php(502): CodeIgniter\CodeIgniter->runController(Object(App\Controllers\SuperAdmin))
 6 SYSTEMPATH\CodeIgniter.php(361): CodeIgniter\CodeIgniter->handleRequest(null, Object(Config\Cache), false)
 7 FCPATH\index.php(79): CodeIgniter\CodeIgniter->run()
INFO - 2024-01-20 09:10:08 --> Session: Class initialized using 'CodeIgniter\Session\Handlers\FileHandler' driver.
WARNING - 2024-01-20 09:10:08 --> [DEPRECATED] Creation of dynamic property App\Controllers\SuperAdmin::$SuperAdmin_model is deprecated in APPPATH\Controllers\SuperAdmin.php on line 14.
 1 SYSTEMPATH\CodeIgniter.php(914): App\Controllers\SuperAdmin->__construct()
 2 SYSTEMPATH\CodeIgniter.php(493): CodeIgniter\CodeIgniter->createController()
 3 SYSTEMPATH\CodeIgniter.php(361): CodeIgniter\CodeIgniter->handleRequest(null, Object(Config\Cache), false)
 4 FCPATH\index.php(79): CodeIgniter\CodeIgniter->run()
INFO - 2024-01-20 09:13:11 --> Session: Class initialized using 'CodeIgniter\Session\Handlers\FileHandler' driver.
WARNING - 2024-01-20 09:13:11 --> [DEPRECATED] Creation of dynamic property App\Controllers\SuperAdmin::$SuperAdmin_model is deprecated in APPPATH\Controllers\SuperAdmin.php on line 14.
 1 SYSTEMPATH\CodeIgniter.php(914): App\Controllers\SuperAdmin->__construct()
 2 SYSTEMPATH\CodeIgniter.php(493): CodeIgniter\CodeIgniter->createController()
 3 SYSTEMPATH\CodeIgniter.php(361): CodeIgniter\CodeIgniter->handleRequest(null, Object(Config\Cache), false)
 4 FCPATH\index.php(79): CodeIgniter\CodeIgniter->run()
INFO - 2024-01-20 09:15:24 --> Session: Class initialized using 'CodeIgniter\Session\Handlers\FileHandler' driver.
WARNING - 2024-01-20 09:15:24 --> [DEPRECATED] Creation of dynamic property App\Controllers\SuperAdmin::$SuperAdmin_model is deprecated in APPPATH\Controllers\SuperAdmin.php on line 14.
 1 SYSTEMPATH\CodeIgniter.php(914): App\Controllers\SuperAdmin->__construct()
 2 SYSTEMPATH\CodeIgniter.php(493): CodeIgniter\CodeIgniter->createController()
 3 SYSTEMPATH\CodeIgniter.php(361): CodeIgniter\CodeIgniter->handleRequest(null, Object(Config\Cache), false)
 4 FCPATH\index.php(79): CodeIgniter\CodeIgniter->run()
INFO - 2024-01-20 09:59:26 --> Session: Class initialized using 'CodeIgniter\Session\Handlers\FileHandler' driver.
WARNING - 2024-01-20 09:59:26 --> [DEPRECATED] Creation of dynamic property App\Controllers\SuperAdmin::$SuperAdmin_model is deprecated in APPPATH\Controllers\SuperAdmin.php on line 14.
 1 SYSTEMPATH\CodeIgniter.php(914): App\Controllers\SuperAdmin->__construct()
 2 SYSTEMPATH\CodeIgniter.php(493): CodeIgniter\CodeIgniter->createController()
 3 SYSTEMPATH\CodeIgniter.php(361): CodeIgniter\CodeIgniter->handleRequest(null, Object(Config\Cache), false)
 4 FCPATH\index.php(79): CodeIgniter\CodeIgniter->run()
INFO - 2024-01-20 10:10:07 --> Session: Class initialized using 'CodeIgniter\Session\Handlers\FileHandler' driver.
WARNING - 2024-01-20 10:10:07 --> [DEPRECATED] Creation of dynamic property App\Controllers\SuperAdmin::$SuperAdmin_model is deprecated in APPPATH\Controllers\SuperAdmin.php on line 14.
 1 SYSTEMPATH\CodeIgniter.php(914): App\Controllers\SuperAdmin->__construct()
 2 SYSTEMPATH\CodeIgniter.php(493): CodeIgniter\CodeIgniter->createController()
 3 SYSTEMPATH\CodeIgniter.php(361): CodeIgniter\CodeIgniter->handleRequest(null, Object(Config\Cache), false)
 4 FCPATH\index.php(79): CodeIgniter\CodeIgniter->run()
INFO - 2024-01-20 10:10:44 --> Session: Class initialized using 'CodeIgniter\Session\Handlers\FileHandler' driver.
WARNING - 2024-01-20 10:10:44 --> [DEPRECATED] Creation of dynamic property App\Controllers\SuperAdmin::$SuperAdmin_model is deprecated in APPPATH\Controllers\SuperAdmin.php on line 14.
 1 SYSTEMPATH\CodeIgniter.php(914): App\Controllers\SuperAdmin->__construct()
 2 SYSTEMPATH\CodeIgniter.php(493): CodeIgniter\CodeIgniter->createController()
 3 SYSTEMPATH\CodeIgniter.php(361): CodeIgniter\CodeIgniter->handleRequest(null, Object(Config\Cache), false)
 4 FCPATH\index.php(79): CodeIgniter\CodeIgniter->run()
INFO - 2024-01-20 10:10:55 --> Session: Class initialized using 'CodeIgniter\Session\Handlers\FileHandler' driver.
WARNING - 2024-01-20 10:10:55 --> [DEPRECATED] Creation of dynamic property App\Controllers\SuperAdmin::$SuperAdmin_model is deprecated in APPPATH\Controllers\SuperAdmin.php on line 14.
 1 SYSTEMPATH\CodeIgniter.php(914): App\Controllers\SuperAdmin->__construct()
 2 SYSTEMPATH\CodeIgniter.php(493): CodeIgniter\CodeIgniter->createController()
 3 SYSTEMPATH\CodeIgniter.php(361): CodeIgniter\CodeIgniter->handleRequest(null, Object(Config\Cache), false)
 4 FCPATH\index.php(79): CodeIgniter\CodeIgniter->run()
INFO - 2024-01-20 10:11:09 --> Session: Class initialized using 'CodeIgniter\Session\Handlers\FileHandler' driver.
WARNING - 2024-01-20 10:11:09 --> [DEPRECATED] Creation of dynamic property App\Controllers\SuperAdmin::$SuperAdmin_model is deprecated in APPPATH\Controllers\SuperAdmin.php on line 14.
 1 SYSTEMPATH\CodeIgniter.php(914): App\Controllers\SuperAdmin->__construct()
 2 SYSTEMPATH\CodeIgniter.php(493): CodeIgniter\CodeIgniter->createController()
 3 SYSTEMPATH\CodeIgniter.php(361): CodeIgniter\CodeIgniter->handleRequest(null, Object(Config\Cache), false)
 4 FCPATH\index.php(79): CodeIgniter\CodeIgniter->run()
INFO - 2024-01-20 10:11:18 --> Session: Class initialized using 'CodeIgniter\Session\Handlers\FileHandler' driver.
WARNING - 2024-01-20 10:11:18 --> [DEPRECATED] Creation of dynamic property App\Controllers\SuperAdmin::$SuperAdmin_model is deprecated in APPPATH\Controllers\SuperAdmin.php on line 14.
 1 SYSTEMPATH\CodeIgniter.php(914): App\Controllers\SuperAdmin->__construct()
 2 SYSTEMPATH\CodeIgniter.php(493): CodeIgniter\CodeIgniter->createController()
 3 SYSTEMPATH\CodeIgniter.php(361): CodeIgniter\CodeIgniter->handleRequest(null, Object(Config\Cache), false)
 4 FCPATH\index.php(79): CodeIgniter\CodeIgniter->run()
INFO - 2024-01-20 10:11:18 --> Session: Class initialized using 'CodeIgniter\Session\Handlers\FileHandler' driver.
WARNING - 2024-01-20 10:11:18 --> [DEPRECATED] Creation of dynamic property App\Controllers\SuperAdmin::$SuperAdmin_model is deprecated in APPPATH\Controllers\SuperAdmin.php on line 14.
 1 SYSTEMPATH\CodeIgniter.php(914): App\Controllers\SuperAdmin->__construct()
 2 SYSTEMPATH\CodeIgniter.php(493): CodeIgniter\CodeIgniter->createController()
 3 SYSTEMPATH\CodeIgniter.php(361): CodeIgniter\CodeIgniter->handleRequest(null, Object(Config\Cache), false)
 4 FCPATH\index.php(79): CodeIgniter\CodeIgniter->run()
INFO - 2024-01-20 10:16:21 --> Session: Class initialized using 'CodeIgniter\Session\Handlers\FileHandler' driver.
WARNING - 2024-01-20 10:16:21 --> [DEPRECATED] Creation of dynamic property App\Controllers\SuperAdmin::$SuperAdmin_model is deprecated in APPPATH\Controllers\SuperAdmin.php on line 14.
 1 SYSTEMPATH\CodeIgniter.php(914): App\Controllers\SuperAdmin->__construct()
 2 SYSTEMPATH\CodeIgniter.php(493): CodeIgniter\CodeIgniter->createController()
 3 SYSTEMPATH\CodeIgniter.php(361): CodeIgniter\CodeIgniter->handleRequest(null, Object(Config\Cache), false)
 4 FCPATH\index.php(79): CodeIgniter\CodeIgniter->run()
